2025-03-24 06:07:29.734 [info] Reading sessions from keychain...
2025-03-24 06:07:29.734 [info] Getting sessions for all scopes...
2025-03-24 06:07:29.734 [info] Getting sessions for all scopes...
2025-03-24 06:07:29.734 [info] Getting sessions for all scopes...
2025-03-24 06:07:29.734 [info] Getting sessions for all scopes...
2025-03-24 06:07:29.734 [info] Getting sessions for all scopes...
2025-03-24 06:07:29.734 [info] Getting sessions for all scopes...
2025-03-24 06:07:29.734 [info] Getting sessions for all scopes...
2025-03-24 06:07:29.734 [info] Getting sessions for all scopes...
2025-03-24 06:07:29.734 [info] Got stored sessions!
2025-03-24 06:07:29.734 [info] Got 1 verified sessions.
2025-03-24 06:07:29.734 [info] Got 1 sessions for ...
2025-03-24 06:07:29.734 [info] Got 1 sessions for ...
2025-03-24 06:07:29.734 [info] Got 1 sessions for ...
2025-03-24 06:07:29.734 [info] Got 1 sessions for ...
2025-03-24 06:07:29.734 [info] Got 1 sessions for ...
2025-03-24 06:07:29.734 [info] Got 1 sessions for ...
2025-03-24 06:07:29.734 [info] Got 1 sessions for ...
2025-03-24 06:07:29.734 [info] Got 1 sessions for ...
2025-03-24 06:07:31.663 [info] Getting sessions for all scopes...
2025-03-24 06:07:31.663 [info] Got 1 sessions for ...
