2025-03-24 05:50:11.142 [info] Reading sessions from keychain...
2025-03-24 05:50:11.142 [info] Getting sessions for all scopes...
2025-03-24 05:50:11.142 [info] Getting sessions for all scopes...
2025-03-24 05:50:11.142 [info] Got stored sessions!
2025-03-24 05:50:11.142 [info] Got 1 verified sessions.
2025-03-24 05:50:11.142 [info] Got 1 sessions for ...
2025-03-24 05:50:11.142 [info] Got 1 sessions for ...
2025-03-24 05:50:11.142 [info] Getting sessions for all scopes...
2025-03-24 05:50:11.142 [info] Got 1 sessions for ...
2025-03-24 05:50:11.142 [info] Getting sessions for all scopes...
2025-03-24 05:50:11.142 [info] Got 1 sessions for ...
2025-03-24 05:50:11.142 [info] Getting sessions for all scopes...
2025-03-24 05:50:11.142 [info] Got 1 sessions for ...
2025-03-24 05:50:11.142 [info] Getting sessions for all scopes...
2025-03-24 05:50:11.142 [info] Got 1 sessions for ...
2025-03-24 05:50:11.142 [info] Getting sessions for all scopes...
2025-03-24 05:50:11.142 [info] Got 1 sessions for ...
2025-03-24 05:50:11.204 [info] Getting sessions for all scopes...
2025-03-24 05:50:11.204 [info] Got 1 sessions for ...
2025-03-24 05:50:13.275 [info] Getting sessions for all scopes...
2025-03-24 05:50:13.275 [info] Got 1 sessions for ...
