2025-03-26 08:35:11.614 [info] Reading sessions from keychain...
2025-03-26 08:35:11.614 [info] Getting sessions for all scopes...
2025-03-26 08:35:11.614 [info] Getting sessions for all scopes...
2025-03-26 08:35:11.614 [info] Getting sessions for all scopes...
2025-03-26 08:35:11.614 [info] Getting sessions for all scopes...
2025-03-26 08:35:11.614 [info] Getting sessions for all scopes...
2025-03-26 08:35:11.614 [info] Getting sessions for all scopes...
2025-03-26 08:35:11.614 [info] Getting sessions for all scopes...
2025-03-26 08:35:11.614 [info] Getting sessions for all scopes...
2025-03-26 08:35:11.614 [info] Got stored sessions!
2025-03-26 08:35:11.614 [info] Got 1 verified sessions.
2025-03-26 08:35:11.614 [info] Got 1 sessions for ...
2025-03-26 08:35:11.614 [info] Got 1 sessions for ...
2025-03-26 08:35:11.614 [info] Got 1 sessions for ...
2025-03-26 08:35:11.614 [info] Got 1 sessions for ...
2025-03-26 08:35:11.614 [info] Got 1 sessions for ...
2025-03-26 08:35:11.614 [info] Got 1 sessions for ...
2025-03-26 08:35:11.614 [info] Got 1 sessions for ...
2025-03-26 08:35:11.614 [info] Got 1 sessions for ...
2025-03-26 08:35:13.604 [info] Getting sessions for all scopes...
2025-03-26 08:35:13.604 [info] Got 1 sessions for ...
