2025-03-24 15:56:07.003 [info] Reading sessions from keychain...
2025-03-24 15:56:07.003 [info] Getting sessions for all scopes...
2025-03-24 15:56:07.003 [info] Getting sessions for all scopes...
2025-03-24 15:56:07.003 [info] Getting sessions for all scopes...
2025-03-24 15:56:07.003 [info] Getting sessions for all scopes...
2025-03-24 15:56:07.003 [info] Getting sessions for all scopes...
2025-03-24 15:56:07.003 [info] Getting sessions for all scopes...
2025-03-24 15:56:07.003 [info] Getting sessions for all scopes...
2025-03-24 15:56:07.003 [info] Getting sessions for all scopes...
2025-03-24 15:56:07.003 [info] Got stored sessions!
2025-03-24 15:56:07.003 [info] Got 1 verified sessions.
2025-03-24 15:56:07.003 [info] Got 1 sessions for ...
2025-03-24 15:56:07.003 [info] Got 1 sessions for ...
2025-03-24 15:56:07.003 [info] Got 1 sessions for ...
2025-03-24 15:56:07.003 [info] Got 1 sessions for ...
2025-03-24 15:56:07.003 [info] Got 1 sessions for ...
2025-03-24 15:56:07.003 [info] Got 1 sessions for ...
2025-03-24 15:56:07.003 [info] Got 1 sessions for ...
2025-03-24 15:56:07.003 [info] Got 1 sessions for ...
2025-03-24 15:56:09.051 [info] Getting sessions for all scopes...
2025-03-24 15:56:09.051 [info] Got 1 sessions for ...
