2025-03-26 09:07:50.104 [info] Reading sessions from keychain...
2025-03-26 09:07:50.104 [info] Getting sessions for all scopes...
2025-03-26 09:07:50.104 [info] Getting sessions for all scopes...
2025-03-26 09:07:50.104 [info] Getting sessions for all scopes...
2025-03-26 09:07:50.104 [info] Getting sessions for all scopes...
2025-03-26 09:07:50.104 [info] Getting sessions for all scopes...
2025-03-26 09:07:50.104 [info] Getting sessions for all scopes...
2025-03-26 09:07:50.104 [info] Getting sessions for all scopes...
2025-03-26 09:07:50.104 [info] Got stored sessions!
2025-03-26 09:07:50.104 [info] Got 1 verified sessions.
2025-03-26 09:07:50.104 [info] Got 1 sessions for ...
2025-03-26 09:07:50.104 [info] Got 1 sessions for ...
2025-03-26 09:07:50.104 [info] Got 1 sessions for ...
2025-03-26 09:07:50.104 [info] Got 1 sessions for ...
2025-03-26 09:07:50.104 [info] Got 1 sessions for ...
2025-03-26 09:07:50.104 [info] Got 1 sessions for ...
2025-03-26 09:07:50.104 [info] Got 1 sessions for ...
2025-03-26 09:07:50.104 [info] Getting sessions for all scopes...
2025-03-26 09:07:50.104 [info] Got 1 sessions for ...
2025-03-26 09:07:52.110 [info] Getting sessions for all scopes...
2025-03-26 09:07:52.110 [info] Got 1 sessions for ...
