2025-03-24 16:59:23.300 [info] Reading sessions from keychain...
2025-03-24 16:59:23.300 [info] Getting sessions for all scopes...
2025-03-24 16:59:23.300 [info] Getting sessions for all scopes...
2025-03-24 16:59:23.300 [info] Getting sessions for all scopes...
2025-03-24 16:59:23.300 [info] Getting sessions for all scopes...
2025-03-24 16:59:23.300 [info] Getting sessions for all scopes...
2025-03-24 16:59:23.300 [info] Getting sessions for all scopes...
2025-03-24 16:59:23.300 [info] Getting sessions for all scopes...
2025-03-24 16:59:23.300 [info] Getting sessions for all scopes...
2025-03-24 16:59:23.300 [info] Got stored sessions!
2025-03-24 16:59:23.300 [info] Got 1 verified sessions.
2025-03-24 16:59:23.300 [info] Got 1 sessions for ...
2025-03-24 16:59:23.300 [info] Got 1 sessions for ...
2025-03-24 16:59:23.300 [info] Got 1 sessions for ...
2025-03-24 16:59:23.300 [info] Got 1 sessions for ...
2025-03-24 16:59:23.300 [info] Got 1 sessions for ...
2025-03-24 16:59:23.300 [info] Got 1 sessions for ...
2025-03-24 16:59:23.300 [info] Got 1 sessions for ...
2025-03-24 16:59:23.300 [info] Got 1 sessions for ...
2025-03-24 16:59:25.372 [info] Getting sessions for all scopes...
2025-03-24 16:59:25.372 [info] Got 1 sessions for ...
