2025-03-26 09:13:46.653 [info] Reading sessions from keychain...
2025-03-26 09:13:46.653 [info] Getting sessions for all scopes...
2025-03-26 09:13:46.653 [info] Getting sessions for all scopes...
2025-03-26 09:13:46.653 [info] Getting sessions for all scopes...
2025-03-26 09:13:46.653 [info] Got stored sessions!
2025-03-26 09:13:46.653 [info] Got 1 verified sessions.
2025-03-26 09:13:46.653 [info] Got 1 sessions for ...
2025-03-26 09:13:46.653 [info] Got 1 sessions for ...
2025-03-26 09:13:46.653 [info] Got 1 sessions for ...
2025-03-26 09:13:46.653 [info] Getting sessions for all scopes...
2025-03-26 09:13:46.653 [info] Got 1 sessions for ...
2025-03-26 09:13:46.653 [info] Getting sessions for all scopes...
2025-03-26 09:13:46.653 [info] Got 1 sessions for ...
2025-03-26 09:13:46.653 [info] Getting sessions for all scopes...
2025-03-26 09:13:46.653 [info] Got 1 sessions for ...
2025-03-26 09:13:46.653 [info] Getting sessions for all scopes...
2025-03-26 09:13:46.653 [info] Got 1 sessions for ...
2025-03-26 09:13:46.653 [info] Getting sessions for all scopes...
2025-03-26 09:13:46.653 [info] Got 1 sessions for ...
2025-03-26 09:13:48.626 [info] Getting sessions for all scopes...
2025-03-26 09:13:48.626 [info] Got 1 sessions for ...
