2025-03-24 13:10:27.892 [info] Reading sessions from keychain...
2025-03-24 13:10:27.892 [info] Getting sessions for all scopes...
2025-03-24 13:10:27.892 [info] Getting sessions for all scopes...
2025-03-24 13:10:27.892 [info] Getting sessions for all scopes...
2025-03-24 13:10:27.892 [info] Getting sessions for all scopes...
2025-03-24 13:10:27.892 [info] Getting sessions for all scopes...
2025-03-24 13:10:27.892 [info] Getting sessions for all scopes...
2025-03-24 13:10:27.892 [info] Getting sessions for all scopes...
2025-03-24 13:10:27.899 [info] Got stored sessions!
2025-03-24 13:10:27.899 [info] Got 1 verified sessions.
2025-03-24 13:10:27.899 [info] Got 1 sessions for ...
2025-03-24 13:10:27.899 [info] Got 1 sessions for ...
2025-03-24 13:10:27.899 [info] Got 1 sessions for ...
2025-03-24 13:10:27.899 [info] Got 1 sessions for ...
2025-03-24 13:10:27.899 [info] Got 1 sessions for ...
2025-03-24 13:10:27.899 [info] Got 1 sessions for ...
2025-03-24 13:10:27.899 [info] Got 1 sessions for ...
2025-03-24 13:10:27.900 [info] Getting sessions for all scopes...
2025-03-24 13:10:27.900 [info] Got 1 sessions for ...
2025-03-24 13:10:30.001 [info] Getting sessions for all scopes...
2025-03-24 13:10:30.001 [info] Got 1 sessions for ...
