2025-03-24 16:45:38.007 [info] Reading sessions from keychain...
2025-03-24 16:45:38.008 [info] Getting sessions for all scopes...
2025-03-24 16:45:38.008 [info] Getting sessions for all scopes...
2025-03-24 16:45:38.008 [info] Getting sessions for all scopes...
2025-03-24 16:45:38.008 [info] Got stored sessions!
2025-03-24 16:45:38.008 [info] Got 1 verified sessions.
2025-03-24 16:45:38.008 [info] Got 1 sessions for ...
2025-03-24 16:45:38.008 [info] Got 1 sessions for ...
2025-03-24 16:45:38.008 [info] Got 1 sessions for ...
2025-03-24 16:45:38.008 [info] Getting sessions for all scopes...
2025-03-24 16:45:38.008 [info] Got 1 sessions for ...
2025-03-24 16:45:38.008 [info] Getting sessions for all scopes...
2025-03-24 16:45:38.008 [info] Got 1 sessions for ...
2025-03-24 16:45:38.008 [info] Getting sessions for all scopes...
2025-03-24 16:45:38.008 [info] Got 1 sessions for ...
2025-03-24 16:45:38.008 [info] Getting sessions for all scopes...
2025-03-24 16:45:38.008 [info] Got 1 sessions for ...
2025-03-24 16:45:38.008 [info] Getting sessions for all scopes...
2025-03-24 16:45:38.008 [info] Got 1 sessions for ...
2025-03-24 16:45:40.045 [info] Getting sessions for all scopes...
2025-03-24 16:45:40.045 [info] Got 1 sessions for ...
