2025-03-24 12:16:14.872 [info] Reading sessions from keychain...
2025-03-24 12:16:14.872 [info] Getting sessions for all scopes...
2025-03-24 12:16:14.872 [info] Getting sessions for all scopes...
2025-03-24 12:16:14.872 [info] Got stored sessions!
2025-03-24 12:16:14.872 [info] Got 1 verified sessions.
2025-03-24 12:16:14.872 [info] Got 1 sessions for ...
2025-03-24 12:16:14.872 [info] Got 1 sessions for ...
2025-03-24 12:16:14.872 [info] Getting sessions for all scopes...
2025-03-24 12:16:14.872 [info] Got 1 sessions for ...
2025-03-24 12:16:14.872 [info] Getting sessions for all scopes...
2025-03-24 12:16:14.872 [info] Got 1 sessions for ...
2025-03-24 12:16:14.872 [info] Getting sessions for all scopes...
2025-03-24 12:16:14.872 [info] Got 1 sessions for ...
2025-03-24 12:16:14.872 [info] Getting sessions for all scopes...
2025-03-24 12:16:14.872 [info] Got 1 sessions for ...
2025-03-24 12:16:14.872 [info] Getting sessions for all scopes...
2025-03-24 12:16:14.872 [info] Got 1 sessions for ...
2025-03-24 12:16:14.950 [info] Getting sessions for all scopes...
2025-03-24 12:16:14.951 [info] Got 1 sessions for ...
2025-03-24 12:16:17.034 [info] Getting sessions for all scopes...
2025-03-24 12:16:17.034 [info] Got 1 sessions for ...
